{"total": {"lines":{"total":201,"covered":197,"skipped":0,"pct":98},"statements":{"total":221,"covered":211,"skipped":0,"pct":95.47},"functions":{"total":50,"covered":50,"skipped":0,"pct":100},"branches":{"total":138,"covered":110,"skipped":0,"pct":79.71},"branchesTrue":{"total":0,"covered":0,"skipped":0,"pct":100}}
,"/home/parzival/repos/zod-mongoose/src/extension.ts": {"lines":{"total":51,"covered":51,"skipped":0,"pct":100},"functions":{"total":16,"covered":16,"skipped":0,"pct":100},"statements":{"total":54,"covered":53,"skipped":0,"pct":98.14},"branches":{"total":8,"covered":7,"skipped":0,"pct":87.5}}
,"/home/parzival/repos/zod-mongoose/src/index.ts": {"lines":{"total":127,"covered":123,"skipped":0,"pct":96.85},"functions":{"total":17,"covered":17,"skipped":0,"pct":100},"statements":{"total":142,"covered":133,"skipped":0,"pct":93.66},"branches":{"total":122,"covered":95,"skipped":0,"pct":77.86}}
,"/home/parzival/repos/zod-mongoose/src/assertions/assertions.ts": {"lines":{"total":3,"covered":3,"skipped":0,"pct":100},"functions":{"total":0,"covered":0,"skipped":0,"pct":100},"statements":{"total":4,"covered":4,"skipped":0,"pct":100},"branches":{"total":0,"covered":0,"skipped":0,"pct":100}}
,"/home/parzival/repos/zod-mongoose/src/assertions/custom.ts": {"lines":{"total":5,"covered":5,"skipped":0,"pct":100},"functions":{"total":3,"covered":3,"skipped":0,"pct":100},"statements":{"total":5,"covered":5,"skipped":0,"pct":100},"branches":{"total":6,"covered":6,"skipped":0,"pct":100}}
,"/home/parzival/repos/zod-mongoose/src/assertions/kind.ts": {"lines":{"total":15,"covered":15,"skipped":0,"pct":100},"functions":{"total":14,"covered":14,"skipped":0,"pct":100},"statements":{"total":16,"covered":16,"skipped":0,"pct":100},"branches":{"total":2,"covered":2,"skipped":0,"pct":100}}
}
