{"total": {"lines":{"total":285,"covered":276,"skipped":0,"pct":96.84},"statements":{"total":314,"covered":297,"skipped":0,"pct":94.58},"functions":{"total":69,"covered":68,"skipped":0,"pct":98.55},"branches":{"total":209,"covered":170,"skipped":0,"pct":81.33},"branchesTrue":{"total":0,"covered":0,"skipped":0,"pct":100}}
,"/home/parzival/repos/zod-mongoose/src/extension.ts": {"lines":{"total":51,"covered":51,"skipped":0,"pct":100},"functions":{"total":16,"covered":16,"skipped":0,"pct":100},"statements":{"total":54,"covered":53,"skipped":0,"pct":98.14},"branches":{"total":8,"covered":7,"skipped":0,"pct":87.5}}
,"/home/parzival/repos/zod-mongoose/src/index.ts": {"lines":{"total":204,"covered":195,"skipped":0,"pct":95.58},"functions":{"total":30,"covered":29,"skipped":0,"pct":96.66},"statements":{"total":228,"covered":212,"skipped":0,"pct":92.98},"branches":{"total":189,"covered":151,"skipped":0,"pct":79.89}}
,"/home/parzival/repos/zod-mongoose/src/assertions/assertions.ts": {"lines":{"total":3,"covered":3,"skipped":0,"pct":100},"functions":{"total":0,"covered":0,"skipped":0,"pct":100},"statements":{"total":4,"covered":4,"skipped":0,"pct":100},"branches":{"total":0,"covered":0,"skipped":0,"pct":100}}
,"/home/parzival/repos/zod-mongoose/src/assertions/custom.ts": {"lines":{"total":5,"covered":5,"skipped":0,"pct":100},"functions":{"total":3,"covered":3,"skipped":0,"pct":100},"statements":{"total":5,"covered":5,"skipped":0,"pct":100},"branches":{"total":6,"covered":6,"skipped":0,"pct":100}}
,"/home/parzival/repos/zod-mongoose/src/assertions/kind.ts": {"lines":{"total":22,"covered":22,"skipped":0,"pct":100},"functions":{"total":20,"covered":20,"skipped":0,"pct":100},"statements":{"total":23,"covered":23,"skipped":0,"pct":100},"branches":{"total":6,"covered":6,"skipped":0,"pct":100}}
}
